<?xml version="1.0" encoding="UTF-8"?>
<!-- Generated by org.testng.reporters.JUnitReportReporter -->
<testsuite skipped="0" hostname="DESKTOP-2VK50OM" name="saucedemo.com.testsuite.LoginTest" tests="2" failures="0" timestamp="2023-05-06T23:55:24 BST" time="3.218" errors="0">
  <testcase name="verifyThatSixProductsAreDisplayedOnPage" time="1.153" classname="saucedemo.com.testsuite.LoginTest"/>
  <system-out/>
  <testcase name="userSholdLoginSuccessfullyWithValidCredentials" time="2.065" classname="saucedemo.com.testsuite.LoginTest"/>
  <system-out/>
</testsuite> <!-- saucedemo.com.testsuite.LoginTest -->
